# JRE version: Java(TM) SE Runtime Environment (21.0.1+12) (build 21.0.1+12-LTS-29)
# Java VM: Java HotSpot(TM) 64-Bit Server VM (21.0.1+12-LTS-29, mixed mode, sharing, tiered, compressed oops, compressed class ptrs, g1 gc, windows-amd64)
GC Precious Log:
 CardTable entry size: 512
 Card Set container configuration: InlinePtr #cards 5 size 8 Array Of Cards #cards 12 size 40 Howl #buckets 4 coarsen threshold 1843 Howl Bitmap #cards 512 size 80 coarsen threshold 460 Card regions per heap region 1 cards per card region 2048
 CPUs: 12 total, 12 available
 Memory: 6005M
 Large Page Support: Disabled
 NUMA Support: Disabled
 Compressed Oops: Enabled (32-bit)
 Heap Region Size: 1M
 Heap Min Capacity: 8M
 Heap Initial Capacity: 94M
 Heap Max Capacity: 1536M
 Pre-touch: Disabled
 Parallel Workers: 10
 Concurrent Workers: 3
 Concurrent Refinement Workers: 10
 Periodic GC: Disabled
Heap:
 garbage-first heap   total 114688K, used 98486K [0x00000000a0000000, 0x0000000100000000)
  region size 1024K, 35 young (35840K), 3 survivors (3072K)
 Metaspace       used 62389K, committed 64320K, reserved 1114112K
  class space    used 8667K, committed 9600K, reserved 1048576K
GC Heap History (20 events):
Event: 17.117 GC heap before
{Heap before GC invocations=11 (full 0):
 garbage-first heap   total 86016K, used 74539K [0x00000000a0000000, 0x0000000100000000)
  region size 1024K, 39 young (39936K), 4 survivors (4096K)
 Metaspace       used 44907K, committed 46528K, reserved 1114112K
  class space    used 6321K, committed 7104K, reserved 1048576K
}
Event: 17.123 GC heap after
{Heap after GC invocations=12 (full 0):
 garbage-first heap   total 86016K, used 40202K [0x00000000a0000000, 0x0000000100000000)
  region size 1024K, 3 young (3072K), 3 survivors (3072K)
 Metaspace       used 44907K, committed 46528K, reserved 1114112K
  class space    used 6321K, committed 7104K, reserved 1048576K
}
Event: 18.642 GC heap before
{Heap before GC invocations=12 (full 0):
 garbage-first heap   total 86016K, used 76042K [0x00000000a0000000, 0x0000000100000000)
  region size 1024K, 38 young (38912K), 3 survivors (3072K)
 Metaspace       used 47679K, committed 49344K, reserved 1114112K
  class space    used 6680K, committed 7488K, reserved 1048576K
}
Event: 18.648 GC heap after
{Heap after GC invocations=13 (full 0):
 garbage-first heap   total 86016K, used 42524K [0x00000000a0000000, 0x0000000100000000)
  region size 1024K, 5 young (5120K), 5 survivors (5120K)
 Metaspace       used 47679K, committed 49344K, reserved 1114112K
  class space    used 6680K, committed 7488K, reserved 1048576K
}
Event: 18.794 GC heap before
{Heap before GC invocations=13 (full 0):
 garbage-first heap   total 86016K, used 45596K [0x00000000a0000000, 0x0000000100000000)
  region size 1024K, 8 young (8192K), 5 survivors (5120K)
 Metaspace       used 47750K, committed 49408K, reserved 1114112K
  class space    used 6687K, committed 7488K, reserved 1048576K
}
Event: 18.799 GC heap after
{Heap after GC invocations=14 (full 0):
 garbage-first heap   total 86016K, used 43920K [0x00000000a0000000, 0x0000000100000000)
  region size 1024K, 3 young (3072K), 3 survivors (3072K)
 Metaspace       used 47750K, committed 49408K, reserved 1114112K
  class space    used 6687K, committed 7488K, reserved 1048576K
}
Event: 19.906 GC heap before
{Heap before GC invocations=15 (full 0):
 garbage-first heap   total 86016K, used 81808K [0x00000000a0000000, 0x0000000100000000)
  region size 1024K, 36 young (36864K), 3 survivors (3072K)
 Metaspace       used 49779K, committed 51456K, reserved 1114112K
  class space    used 6972K, committed 7808K, reserved 1048576K
}
Event: 19.913 GC heap after
{Heap after GC invocations=16 (full 0):
 garbage-first heap   total 93184K, used 55087K [0x00000000a0000000, 0x0000000100000000)
  region size 1024K, 5 young (5120K), 5 survivors (5120K)
 Metaspace       used 49779K, committed 51456K, reserved 1114112K
  class space    used 6972K, committed 7808K, reserved 1048576K
}
Event: 20.809 GC heap before
{Heap before GC invocations=16 (full 0):
 garbage-first heap   total 93184K, used 81711K [0x00000000a0000000, 0x0000000100000000)
  region size 1024K, 31 young (31744K), 5 survivors (5120K)
 Metaspace       used 52563K, committed 54336K, reserved 1114112K
  class space    used 7307K, committed 8192K, reserved 1048576K
}
Event: 20.815 GC heap after
{Heap after GC invocations=17 (full 0):
 garbage-first heap   total 93184K, used 56256K [0x00000000a0000000, 0x0000000100000000)
  region size 1024K, 2 young (2048K), 2 survivors (2048K)
 Metaspace       used 52563K, committed 54336K, reserved 1114112K
  class space    used 7307K, committed 8192K, reserved 1048576K
}
Event: 21.651 GC heap before
{Heap before GC invocations=17 (full 0):
 garbage-first heap   total 93184K, used 83904K [0x00000000a0000000, 0x0000000100000000)
  region size 1024K, 29 young (29696K), 2 survivors (2048K)
 Metaspace       used 55532K, committed 57280K, reserved 1114112K
  class space    used 7738K, committed 8576K, reserved 1048576K
}
Event: 21.656 GC heap after
{Heap after GC invocations=18 (full 0):
 garbage-first heap   total 93184K, used 57113K [0x00000000a0000000, 0x0000000100000000)
  region size 1024K, 2 young (2048K), 2 survivors (2048K)
 Metaspace       used 55532K, committed 57280K, reserved 1114112K
  class space    used 7738K, committed 8576K, reserved 1048576K
}
Event: 22.361 GC heap before
{Heap before GC invocations=19 (full 0):
 garbage-first heap   total 97280K, used 88857K [0x00000000a0000000, 0x0000000100000000)
  region size 1024K, 29 young (29696K), 2 survivors (2048K)
 Metaspace       used 58063K, committed 59904K, reserved 1114112K
  class space    used 8078K, committed 8960K, reserved 1048576K
}
Event: 22.368 GC heap after
{Heap after GC invocations=20 (full 0):
 garbage-first heap   total 97280K, used 65913K [0x00000000a0000000, 0x0000000100000000)
  region size 1024K, 4 young (4096K), 4 survivors (4096K)
 Metaspace       used 58063K, committed 59904K, reserved 1114112K
  class space    used 8078K, committed 8960K, reserved 1048576K
}
Event: 22.853 GC heap before
{Heap before GC invocations=20 (full 0):
 garbage-first heap   total 97280K, used 87417K [0x00000000a0000000, 0x0000000100000000)
  region size 1024K, 24 young (24576K), 4 survivors (4096K)
 Metaspace       used 59438K, committed 61312K, reserved 1114112K
  class space    used 8256K, committed 9152K, reserved 1048576K
}
Event: 22.860 GC heap after
{Heap after GC invocations=21 (full 0):
 garbage-first heap   total 97280K, used 65226K [0x00000000a0000000, 0x0000000100000000)
  region size 1024K, 3 young (3072K), 3 survivors (3072K)
 Metaspace       used 59438K, committed 61312K, reserved 1114112K
  class space    used 8256K, committed 9152K, reserved 1048576K
}
Event: 23.363 GC heap before
{Heap before GC invocations=21 (full 0):
 garbage-first heap   total 97280K, used 86730K [0x00000000a0000000, 0x0000000100000000)
  region size 1024K, 24 young (24576K), 3 survivors (3072K)
 Metaspace       used 60929K, committed 62784K, reserved 1114112K
  class space    used 8456K, committed 9344K, reserved 1048576K
}
Event: 23.368 GC heap after
{Heap after GC invocations=22 (full 0):
 garbage-first heap   total 97280K, used 66529K [0x00000000a0000000, 0x0000000100000000)
  region size 1024K, 2 young (2048K), 2 survivors (2048K)
 Metaspace       used 60929K, committed 62784K, reserved 1114112K
  class space    used 8456K, committed 9344K, reserved 1048576K
}
Event: 23.897 GC heap before
{Heap before GC invocations=23 (full 0):
 garbage-first heap   total 114688K, used 84961K [0x00000000a0000000, 0x0000000100000000)
  region size 1024K, 22 young (22528K), 2 survivors (2048K)
 Metaspace       used 62231K, committed 64064K, reserved 1114112K
  class space    used 8644K, committed 9536K, reserved 1048576K
}
Event: 23.901 GC heap after
{Heap after GC invocations=24 (full 0):
 garbage-first heap   total 114688K, used 66742K [0x00000000a0000000, 0x0000000100000000)
  region size 1024K, 3 young (3072K), 3 survivors (3072K)
 Metaspace       used 62231K, committed 64064K, reserved 1114112K
  class space    used 8644K, committed 9536K, reserved 1048576K
}

